<?xml version="1.0" encoding="UTF-8"?>
<testsuite xmlns:xsi="http://www.w3.org/2001/XMLSchema-instance" xsi:noNamespaceSchemaLocation="https://maven.apache.org/surefire/maven-surefire-plugin/xsd/surefire-test-report.xsd" name="uk.ac.ed.inf.AppTest" time="0.037" tests="16" errors="0" skipped="0" failures="0">
  <properties>
    <property name="java.specification.version" value="14"/>
    <property name="sun.jnu.encoding" value="UTF-8"/>
    <property name="java.class.path" value="/afs/inf.ed.ac.uk/user/s19/s1908227/IdeaProjects/ilp/target/test-classes:/afs/inf.ed.ac.uk/user/s19/s1908227/IdeaProjects/ilp/target/classes:/afs/inf.ed.ac.uk/user/s19/s1908227/.m2/repository/org/apache/derby/derbyclient/10.15.2.0/derbyclient-10.15.2.0.jar:/afs/inf.ed.ac.uk/user/s19/s1908227/.m2/repository/org/apache/derby/derbyshared/10.15.2.0/derbyshared-10.15.2.0.jar:/afs/inf.ed.ac.uk/user/s19/s1908227/.m2/repository/com/mapbox/mapboxsdk/mapbox-sdk-geojson/5.8.0/mapbox-sdk-geojson-5.8.0.jar:/afs/inf.ed.ac.uk/user/s19/s1908227/.m2/repository/junit/junit/4.11/junit-4.11.jar:/afs/inf.ed.ac.uk/user/s19/s1908227/.m2/repository/org/hamcrest/hamcrest-core/1.3/hamcrest-core-1.3.jar:/afs/inf.ed.ac.uk/user/s19/s1908227/.m2/repository/com/google/code/gson/gson/2.8.8/gson-2.8.8.jar:"/>
    <property name="java.vm.vendor" value="Private Build"/>
    <property name="sun.arch.data.model" value="64"/>
    <property name="java.vendor.url" value="Unknown"/>
    <property name="os.name" value="Linux"/>
    <property name="java.vm.specification.version" value="14"/>
    <property name="sun.java.launcher" value="SUN_STANDARD"/>
    <property name="user.country" value="GB"/>
    <property name="sun.boot.library.path" value="/usr/lib/jvm/java-14-openjdk-amd64/lib"/>
    <property name="sun.java.command" value="/afs/inf.ed.ac.uk/user/s19/s1908227/IdeaProjects/ilp/target/surefire/surefirebooter12482651920263719990.jar /afs/inf.ed.ac.uk/user/s19/s1908227/IdeaProjects/ilp/target/surefire 2021-12-10T10-44-35_625-jvmRun1 surefire12247385961206605345tmp surefire_016114404042132484140tmp"/>
    <property name="jdk.debug" value="release"/>
    <property name="surefire.test.class.path" value="/afs/inf.ed.ac.uk/user/s19/s1908227/IdeaProjects/ilp/target/test-classes:/afs/inf.ed.ac.uk/user/s19/s1908227/IdeaProjects/ilp/target/classes:/afs/inf.ed.ac.uk/user/s19/s1908227/.m2/repository/org/apache/derby/derbyclient/10.15.2.0/derbyclient-10.15.2.0.jar:/afs/inf.ed.ac.uk/user/s19/s1908227/.m2/repository/org/apache/derby/derbyshared/10.15.2.0/derbyshared-10.15.2.0.jar:/afs/inf.ed.ac.uk/user/s19/s1908227/.m2/repository/com/mapbox/mapboxsdk/mapbox-sdk-geojson/5.8.0/mapbox-sdk-geojson-5.8.0.jar:/afs/inf.ed.ac.uk/user/s19/s1908227/.m2/repository/junit/junit/4.11/junit-4.11.jar:/afs/inf.ed.ac.uk/user/s19/s1908227/.m2/repository/org/hamcrest/hamcrest-core/1.3/hamcrest-core-1.3.jar:/afs/inf.ed.ac.uk/user/s19/s1908227/.m2/repository/com/google/code/gson/gson/2.8.8/gson-2.8.8.jar:"/>
    <property name="sun.cpu.endian" value="little"/>
    <property name="user.home" value="/afs/inf.ed.ac.uk/user/s19/s1908227"/>
    <property name="user.language" value="en"/>
    <property name="java.specification.vendor" value="Oracle Corporation"/>
    <property name="java.version.date" value="2020-07-14"/>
    <property name="java.home" value="/usr/lib/jvm/java-14-openjdk-amd64"/>
    <property name="file.separator" value="/"/>
    <property name="basedir" value="/afs/inf.ed.ac.uk/user/s19/s1908227/IdeaProjects/ilp"/>
    <property name="java.vm.compressedOopsMode" value="Zero based"/>
    <property name="line.separator" value="&#10;"/>
    <property name="java.vm.specification.vendor" value="Oracle Corporation"/>
    <property name="java.specification.name" value="Java Platform API Specification"/>
    <property name="surefire.real.class.path" value="/afs/inf.ed.ac.uk/user/s19/s1908227/IdeaProjects/ilp/target/surefire/surefirebooter12482651920263719990.jar"/>
    <property name="sun.management.compiler" value="HotSpot 64-Bit Tiered Compilers"/>
    <property name="java.runtime.version" value="14.0.2+12-Ubuntu-120.04"/>
    <property name="user.name" value="s1908227"/>
    <property name="path.separator" value=":"/>
    <property name="os.version" value="5.4.0-89-generic"/>
    <property name="java.runtime.name" value="OpenJDK Runtime Environment"/>
    <property name="file.encoding" value="UTF-8"/>
    <property name="java.vm.name" value="OpenJDK 64-Bit Server VM"/>
    <property name="localRepository" value="/afs/inf.ed.ac.uk/user/s19/s1908227/.m2/repository"/>
    <property name="java.vendor.url.bug" value="Unknown"/>
    <property name="java.io.tmpdir" value="/tmp"/>
    <property name="idea.version" value="2020.2"/>
    <property name="java.version" value="14.0.2"/>
    <property name="user.dir" value="/afs/inf.ed.ac.uk/user/s19/s1908227/IdeaProjects/ilp"/>
    <property name="os.arch" value="amd64"/>
    <property name="java.vm.specification.name" value="Java Virtual Machine Specification"/>
    <property name="java.library.path" value="/usr/java/packages/lib:/usr/lib/x86_64-linux-gnu/jni:/lib/x86_64-linux-gnu:/usr/lib/x86_64-linux-gnu:/usr/lib/jni:/lib:/usr/lib"/>
    <property name="java.vm.info" value="mixed mode, sharing"/>
    <property name="java.vendor" value="Private Build"/>
    <property name="java.vm.version" value="14.0.2+12-Ubuntu-120.04"/>
    <property name="sun.io.unicode.encoding" value="UnicodeLittle"/>
    <property name="java.class.version" value="58.0"/>
  </properties>
  <testcase name="testCloseToFalse" classname="uk.ac.ed.inf.AppTest" time="0.002"/>
  <testcase name="testAngle20" classname="uk.ac.ed.inf.AppTest" time="0.001"/>
  <testcase name="testAngle50" classname="uk.ac.ed.inf.AppTest" time="0"/>
  <testcase name="testAngle90" classname="uk.ac.ed.inf.AppTest" time="0"/>
  <testcase name="testCloseToTrue" classname="uk.ac.ed.inf.AppTest" time="0"/>
  <testcase name="testAngle140" classname="uk.ac.ed.inf.AppTest" time="0"/>
  <testcase name="testAngle190" classname="uk.ac.ed.inf.AppTest" time="0"/>
  <testcase name="testAngle260" classname="uk.ac.ed.inf.AppTest" time="0.001"/>
  <testcase name="testAngle300" classname="uk.ac.ed.inf.AppTest" time="0"/>
  <testcase name="testAngle350" classname="uk.ac.ed.inf.AppTest" time="0"/>
  <testcase name="testAngle999" classname="uk.ac.ed.inf.AppTest" time="0"/>
  <testcase name="testAngle0" classname="uk.ac.ed.inf.AppTest" time="0"/>
  <testcase name="testIsConfinedFalse" classname="uk.ac.ed.inf.AppTest" time="0"/>
  <testcase name="testIsConfinedTrueA" classname="uk.ac.ed.inf.AppTest" time="0"/>
  <testcase name="testIsConfinedTrueB" classname="uk.ac.ed.inf.AppTest" time="0"/>
  <testcase name="testDistanceTo" classname="uk.ac.ed.inf.AppTest" time="0"/>
</testsuite>